{"C:\\Users\\mrhea\\Desktop\\Devoirs\\3A\\Dev_Avance\\realtime-elo-ranker\\apps\\realtime-elo-ranker-server\\src\\app.controller.ts": {"path":"C:\\Users\\mrhea\\Desktop\\Devoirs\\3A\\Dev_Avance\\realtime-elo-ranker\\apps\\realtime-elo-ranker-server\\src\\app.controller.ts","statementMap":{"0":{"start":{"line":1,"column":0},"end":{"line":1,"column":49}},"1":{"start":{"line":2,"column":0},"end":{"line":2,"column":43}},"2":{"start":{"line":5,"column":7},"end":{"line":12,"column":null}},"3":{"start":{"line":6,"column":31},"end":{"line":6,"column":43}},"4":{"start":{"line":10,"column":4},"end":{"line":10,"column":38}},"5":{"start":{"line":5,"column":13},"end":{"line":5,"column":26}},"6":{"start":{"line":9,"column":2},"end":{"line":11,"column":null}},"7":{"start":{"line":5,"column":13},"end":{"line":12,"column":null}}},"fnMap":{"0":{"name":"(anonymous_2)","decl":{"start":{"line":6,"column":2},"end":{"line":6,"column":31}},"loc":{"start":{"line":6,"column":53},"end":{"line":6,"column":57}}},"1":{"name":"(anonymous_3)","decl":{"start":{"line":9,"column":2},"end":{"line":9,"column":10}},"loc":{"start":{"line":9,"column":10},"end":{"line":11,"column":3}}}},"branchMap":{},"s":{"0":1,"1":1,"2":1,"3":1,"4":1,"5":1,"6":1,"7":1},"f":{"0":1,"1":1},"b":{}}
,"C:\\Users\\mrhea\\Desktop\\Devoirs\\3A\\Dev_Avance\\realtime-elo-ranker\\apps\\realtime-elo-ranker-server\\src\\app.module.ts": {"path":"C:\\Users\\mrhea\\Desktop\\Devoirs\\3A\\Dev_Avance\\realtime-elo-ranker\\apps\\realtime-elo-ranker-server\\src\\app.module.ts","statementMap":{"0":{"start":{"line":1,"column":0},"end":{"line":1,"column":40}},"1":{"start":{"line":2,"column":0},"end":{"line":2,"column":49}},"2":{"start":{"line":3,"column":0},"end":{"line":3,"column":43}},"3":{"start":{"line":4,"column":0},"end":{"line":4,"column":48}},"4":{"start":{"line":5,"column":0},"end":{"line":5,"column":57}},"5":{"start":{"line":6,"column":0},"end":{"line":6,"column":64}},"6":{"start":{"line":7,"column":0},"end":{"line":7,"column":51}},"7":{"start":{"line":8,"column":0},"end":{"line":8,"column":48}},"8":{"start":{"line":25,"column":7},"end":{"line":25,"column":null}},"9":{"start":{"line":25,"column":13},"end":{"line":25,"column":22}},"10":{"start":{"line":25,"column":13},"end":{"line":25,"column":null}}},"fnMap":{},"branchMap":{},"s":{"0":0,"1":0,"2":0,"3":0,"4":0,"5":0,"6":0,"7":0,"8":0,"9":0,"10":0},"f":{},"b":{}}
,"C:\\Users\\mrhea\\Desktop\\Devoirs\\3A\\Dev_Avance\\realtime-elo-ranker\\apps\\realtime-elo-ranker-server\\src\\app.service.ts": {"path":"C:\\Users\\mrhea\\Desktop\\Devoirs\\3A\\Dev_Avance\\realtime-elo-ranker\\apps\\realtime-elo-ranker-server\\src\\app.service.ts","statementMap":{"0":{"start":{"line":1,"column":0},"end":{"line":1,"column":44}},"1":{"start":{"line":4,"column":7},"end":{"line":8,"column":null}},"2":{"start":{"line":6,"column":4},"end":{"line":6,"column":26}},"3":{"start":{"line":4,"column":13},"end":{"line":4,"column":23}},"4":{"start":{"line":4,"column":13},"end":{"line":8,"column":null}}},"fnMap":{"0":{"name":"(anonymous_1)","decl":{"start":{"line":5,"column":2},"end":{"line":5,"column":10}},"loc":{"start":{"line":5,"column":10},"end":{"line":7,"column":3}}}},"branchMap":{},"s":{"0":1,"1":1,"2":1,"3":1,"4":1},"f":{"0":1},"b":{}}
,"C:\\Users\\mrhea\\Desktop\\Devoirs\\3A\\Dev_Avance\\realtime-elo-ranker\\apps\\realtime-elo-ranker-server\\src\\main.ts": {"path":"C:\\Users\\mrhea\\Desktop\\Devoirs\\3A\\Dev_Avance\\realtime-elo-ranker\\apps\\realtime-elo-ranker-server\\src\\main.ts","statementMap":{"0":{"start":{"line":1,"column":0},"end":{"line":1,"column":43}},"1":{"start":{"line":2,"column":0},"end":{"line":2,"column":41}},"2":{"start":{"line":5,"column":14},"end":{"line":5,"column":49}},"3":{"start":{"line":6,"column":2},"end":{"line":6,"column":19}},"4":{"start":{"line":7,"column":2},"end":{"line":7,"column":45}},"5":{"start":{"line":9,"column":0},"end":{"line":9,"column":12}}},"fnMap":{"0":{"name":"bootstrap","decl":{"start":{"line":4,"column":15},"end":{"line":4,"column":24}},"loc":{"start":{"line":4,"column":24},"end":{"line":8,"column":1}}}},"branchMap":{"0":{"loc":{"start":{"line":7,"column":19},"end":{"line":7,"column":43}},"type":"binary-expr","locations":[{"start":{"line":7,"column":19},"end":{"line":7,"column":35}},{"start":{"line":7,"column":39},"end":{"line":7,"column":43}}]}},"s":{"0":0,"1":0,"2":0,"3":0,"4":0,"5":0},"f":{"0":0},"b":{"0":[0,0]}}
,"C:\\Users\\mrhea\\Desktop\\Devoirs\\3A\\Dev_Avance\\realtime-elo-ranker\\apps\\realtime-elo-ranker-server\\src\\match\\match.controller.ts": {"path":"C:\\Users\\mrhea\\Desktop\\Devoirs\\3A\\Dev_Avance\\realtime-elo-ranker\\apps\\realtime-elo-ranker-server\\src\\match\\match.controller.ts","statementMap":{"0":{"start":{"line":1,"column":0},"end":{"line":1,"column":77}},"1":{"start":{"line":2,"column":0},"end":{"line":2,"column":47}},"2":{"start":{"line":3,"column":0},"end":{"line":3,"column":71}},"3":{"start":{"line":6,"column":7},"end":{"line":32,"column":null}},"4":{"start":{"line":7,"column":33},"end":{"line":7,"column":47}},"5":{"start":{"line":11,"column":8},"end":{"line":29,"column":null}},"6":{"start":{"line":12,"column":12},"end":{"line":28,"column":15}},"7":{"start":{"line":13,"column":16},"end":{"line":13,"column":38}},"8":{"start":{"line":14,"column":16},"end":{"line":27,"column":17}},"9":{"start":{"line":15,"column":20},"end":{"line":19,"column":21}},"10":{"start":{"line":16,"column":24},"end":{"line":16,"column":72}},"11":{"start":{"line":18,"column":24},"end":{"line":18,"column":38}},"12":{"start":{"line":21,"column":20},"end":{"line":26,"column":21}},"13":{"start":{"line":22,"column":24},"end":{"line":22,"column":82}},"14":{"start":{"line":25,"column":24},"end":{"line":25,"column":40}},"15":{"start":{"line":6,"column":13},"end":{"line":6,"column":28}},"16":{"start":{"line":10,"column":4},"end":{"line":31,"column":null}},"17":{"start":{"line":6,"column":13},"end":{"line":32,"column":null}}},"fnMap":{"0":{"name":"(anonymous_4)","decl":{"start":{"line":7,"column":4},"end":{"line":7,"column":33}},"loc":{"start":{"line":7,"column":59},"end":{"line":7,"column":63}}},"1":{"name":"(anonymous_5)","decl":{"start":{"line":10,"column":4},"end":{"line":10,"column":11}},"loc":{"start":{"line":10,"column":45},"end":{"line":31,"column":5}}},"2":{"name":"(anonymous_6)","decl":{"start":{"line":11,"column":27},"end":{"line":11,"column":28}},"loc":{"start":{"line":11,"column":47},"end":{"line":29,"column":9}}},"3":{"name":"(anonymous_7)","decl":{"start":{"line":12,"column":48},"end":{"line":12,"column":49}},"loc":{"start":{"line":12,"column":66},"end":{"line":28,"column":13}}}},"branchMap":{"0":{"loc":{"start":{"line":14,"column":16},"end":{"line":27,"column":17}},"type":"if","locations":[{"start":{"line":14,"column":16},"end":{"line":27,"column":17}},{"start":{"line":20,"column":23},"end":{"line":27,"column":17}}]},"1":{"loc":{"start":{"line":15,"column":20},"end":{"line":19,"column":21}},"type":"if","locations":[{"start":{"line":15,"column":20},"end":{"line":19,"column":21}},{"start":{"line":17,"column":25},"end":{"line":19,"column":21}}]},"2":{"loc":{"start":{"line":21,"column":20},"end":{"line":26,"column":21}},"type":"if","locations":[{"start":{"line":21,"column":20},"end":{"line":26,"column":21}},{"start":{"line":24,"column":25},"end":{"line":26,"column":21}}]}},"s":{"0":1,"1":1,"2":1,"3":1,"4":0,"5":0,"6":0,"7":0,"8":0,"9":0,"10":0,"11":0,"12":0,"13":0,"14":0,"15":1,"16":1,"17":1},"f":{"0":0,"1":0,"2":0,"3":0},"b":{"0":[0,0],"1":[0,0],"2":[0,0]}}
,"C:\\Users\\mrhea\\Desktop\\Devoirs\\3A\\Dev_Avance\\realtime-elo-ranker\\apps\\realtime-elo-ranker-server\\src\\match\\match.module.ts": {"path":"C:\\Users\\mrhea\\Desktop\\Devoirs\\3A\\Dev_Avance\\realtime-elo-ranker\\apps\\realtime-elo-ranker-server\\src\\match\\match.module.ts","statementMap":{"0":{"start":{"line":1,"column":0},"end":{"line":1,"column":40}},"1":{"start":{"line":2,"column":0},"end":{"line":2,"column":47}},"2":{"start":{"line":3,"column":0},"end":{"line":3,"column":53}},"3":{"start":{"line":4,"column":0},"end":{"line":4,"column":58}},"4":{"start":{"line":11,"column":7},"end":{"line":11,"column":null}},"5":{"start":{"line":11,"column":13},"end":{"line":11,"column":24}},"6":{"start":{"line":11,"column":13},"end":{"line":11,"column":null}}},"fnMap":{},"branchMap":{},"s":{"0":0,"1":0,"2":0,"3":0,"4":0,"5":0,"6":0},"f":{},"b":{}}
,"C:\\Users\\mrhea\\Desktop\\Devoirs\\3A\\Dev_Avance\\realtime-elo-ranker\\apps\\realtime-elo-ranker-server\\src\\match\\match.service.ts": {"path":"C:\\Users\\mrhea\\Desktop\\Devoirs\\3A\\Dev_Avance\\realtime-elo-ranker\\apps\\realtime-elo-ranker-server\\src\\match\\match.service.ts","statementMap":{"0":{"start":{"line":1,"column":0},"end":{"line":1,"column":44}},"1":{"start":{"line":3,"column":0},"end":{"line":3,"column":59}},"2":{"start":{"line":7,"column":7},"end":{"line":57,"column":null}},"3":{"start":{"line":8,"column":24},"end":{"line":8,"column":39}},"4":{"start":{"line":12,"column":8},"end":{"line":41,"column":11}},"5":{"start":{"line":13,"column":12},"end":{"line":13,"column":98}},"6":{"start":{"line":13,"column":32},"end":{"line":13,"column":98}},"7":{"start":{"line":17,"column":12},"end":{"line":40,"column":15}},"8":{"start":{"line":18,"column":16},"end":{"line":18,"column":100}},"9":{"start":{"line":18,"column":35},"end":{"line":18,"column":100}},"10":{"start":{"line":21,"column":16},"end":{"line":21,"column":53}},"11":{"start":{"line":22,"column":16},"end":{"line":22,"column":43}},"12":{"start":{"line":23,"column":16},"end":{"line":23,"column":89}},"13":{"start":{"line":26,"column":16},"end":{"line":39,"column":47}},"14":{"start":{"line":28,"column":24},"end":{"line":28,"column":54}},"15":{"start":{"line":28,"column":33},"end":{"line":28,"column":54}},"16":{"start":{"line":31,"column":24},"end":{"line":31,"column":54}},"17":{"start":{"line":31,"column":33},"end":{"line":31,"column":54}},"18":{"start":{"line":34,"column":31},"end":{"line":37,"column":null}},"19":{"start":{"line":38,"column":20},"end":{"line":38,"column":40}},"20":{"start":{"line":39,"column":32},"end":{"line":39,"column":45}},"21":{"start":{"line":45,"column":18},"end":{"line":45,"column":20}},"22":{"start":{"line":46,"column":36},"end":{"line":46,"column":90}},"23":{"start":{"line":47,"column":35},"end":{"line":47,"column":89}},"24":{"start":{"line":49,"column":28},"end":{"line":49,"column":82}},"25":{"start":{"line":50,"column":27},"end":{"line":50,"column":79}},"26":{"start":{"line":52,"column":8},"end":{"line":52,"column":51}},"27":{"start":{"line":53,"column":8},"end":{"line":53,"column":49}},"28":{"start":{"line":55,"column":8},"end":{"line":55,"column":45}},"29":{"start":{"line":7,"column":13},"end":{"line":7,"column":25}},"30":{"start":{"line":7,"column":13},"end":{"line":57,"column":null}}},"fnMap":{"0":{"name":"(anonymous_2)","decl":{"start":{"line":8,"column":4},"end":{"line":8,"column":24}},"loc":{"start":{"line":8,"column":52},"end":{"line":8,"column":56}}},"1":{"name":"(anonymous_3)","decl":{"start":{"line":10,"column":4},"end":{"line":10,"column":11}},"loc":{"start":{"line":10,"column":92},"end":{"line":42,"column":5}}},"2":{"name":"(anonymous_4)","decl":{"start":{"line":12,"column":52},"end":{"line":12,"column":53}},"loc":{"start":{"line":12,"column":68},"end":{"line":41,"column":9}}},"3":{"name":"(anonymous_5)","decl":{"start":{"line":17,"column":55},"end":{"line":17,"column":56}},"loc":{"start":{"line":17,"column":70},"end":{"line":40,"column":13}}},"4":{"name":"(anonymous_6)","decl":{"start":{"line":27,"column":74},"end":{"line":27,"column":75}},"loc":{"start":{"line":27,"column":97},"end":{"line":29,"column":21}}},"5":{"name":"(anonymous_7)","decl":{"start":{"line":30,"column":72},"end":{"line":30,"column":73}},"loc":{"start":{"line":30,"column":94},"end":{"line":32,"column":21}}},"6":{"name":"(anonymous_8)","decl":{"start":{"line":33,"column":24},"end":{"line":33,"column":27}},"loc":{"start":{"line":33,"column":29},"end":{"line":39,"column":17}}},"7":{"name":"(anonymous_9)","decl":{"start":{"line":39,"column":25},"end":{"line":39,"column":28}},"loc":{"start":{"line":39,"column":32},"end":{"line":39,"column":45}}},"8":{"name":"(anonymous_10)","decl":{"start":{"line":44,"column":12},"end":{"line":44,"column":24}},"loc":{"start":{"line":44,"column":62},"end":{"line":56,"column":5}}}},"branchMap":{"0":{"loc":{"start":{"line":13,"column":12},"end":{"line":13,"column":98}},"type":"if","locations":[{"start":{"line":13,"column":12},"end":{"line":13,"column":98}}]},"1":{"loc":{"start":{"line":13,"column":16},"end":{"line":13,"column":30}},"type":"binary-expr","locations":[{"start":{"line":13,"column":16},"end":{"line":13,"column":19}},{"start":{"line":13,"column":23},"end":{"line":13,"column":30}}]},"2":{"loc":{"start":{"line":18,"column":16},"end":{"line":18,"column":100}},"type":"if","locations":[{"start":{"line":18,"column":16},"end":{"line":18,"column":100}}]},"3":{"loc":{"start":{"line":18,"column":20},"end":{"line":18,"column":33}},"type":"binary-expr","locations":[{"start":{"line":18,"column":20},"end":{"line":18,"column":23}},{"start":{"line":18,"column":27},"end":{"line":18,"column":33}}]},"4":{"loc":{"start":{"line":28,"column":24},"end":{"line":28,"column":54}},"type":"if","locations":[{"start":{"line":28,"column":24},"end":{"line":28,"column":54}}]},"5":{"loc":{"start":{"line":31,"column":24},"end":{"line":31,"column":54}},"type":"if","locations":[{"start":{"line":31,"column":24},"end":{"line":31,"column":54}}]}},"s":{"0":2,"1":2,"2":2,"3":0,"4":0,"5":0,"6":0,"7":0,"8":0,"9":0,"10":0,"11":0,"12":0,"13":0,"14":0,"15":0,"16":0,"17":0,"18":0,"19":0,"20":0,"21":0,"22":0,"23":0,"24":0,"25":0,"26":0,"27":0,"28":0,"29":2,"30":2},"f":{"0":0,"1":0,"2":0,"3":0,"4":0,"5":0,"6":0,"7":0,"8":0},"b":{"0":[0],"1":[0,0],"2":[0],"3":[0,0],"4":[0],"5":[0]}}
,"C:\\Users\\mrhea\\Desktop\\Devoirs\\3A\\Dev_Avance\\realtime-elo-ranker\\apps\\realtime-elo-ranker-server\\src\\match\\dto\\post-match.dto.ts": {"path":"C:\\Users\\mrhea\\Desktop\\Devoirs\\3A\\Dev_Avance\\realtime-elo-ranker\\apps\\realtime-elo-ranker-server\\src\\match\\dto\\post-match.dto.ts","statementMap":{"0":{"start":{"line":3,"column":0},"end":{"line":3,"column":13}},"1":{"start":{"line":9,"column":0},"end":{"line":9,"column":13}}},"fnMap":{},"branchMap":{},"s":{"0":1,"1":1},"f":{},"b":{}}
,"C:\\Users\\mrhea\\Desktop\\Devoirs\\3A\\Dev_Avance\\realtime-elo-ranker\\apps\\realtime-elo-ranker-server\\src\\players\\players.controller.ts": {"path":"C:\\Users\\mrhea\\Desktop\\Devoirs\\3A\\Dev_Avance\\realtime-elo-ranker\\apps\\realtime-elo-ranker-server\\src\\players\\players.controller.ts","statementMap":{"0":{"start":{"line":1,"column":0},"end":{"line":1,"column":116}},"1":{"start":{"line":2,"column":0},"end":{"line":2,"column":50}},"2":{"start":{"line":4,"column":0},"end":{"line":4,"column":58}},"3":{"start":{"line":7,"column":7},"end":{"line":44,"column":null}},"4":{"start":{"line":8,"column":33},"end":{"line":8,"column":49}},"5":{"start":{"line":12,"column":8},"end":{"line":12,"column":46}},"6":{"start":{"line":17,"column":8},"end":{"line":17,"column":50}},"7":{"start":{"line":22,"column":8},"end":{"line":36,"column":null}},"8":{"start":{"line":23,"column":12},"end":{"line":35,"column":15}},"9":{"start":{"line":24,"column":16},"end":{"line":34,"column":17}},"10":{"start":{"line":25,"column":20},"end":{"line":31,"column":21}},"11":{"start":{"line":26,"column":24},"end":{"line":26,"column":72}},"12":{"start":{"line":27,"column":26},"end":{"line":31,"column":21}},"13":{"start":{"line":28,"column":24},"end":{"line":28,"column":72}},"14":{"start":{"line":30,"column":24},"end":{"line":30,"column":38}},"15":{"start":{"line":33,"column":20},"end":{"line":33,"column":70}},"16":{"start":{"line":42,"column":8},"end":{"line":42,"column":49}},"17":{"start":{"line":7,"column":13},"end":{"line":7,"column":29}},"18":{"start":{"line":11,"column":4},"end":{"line":13,"column":null}},"19":{"start":{"line":16,"column":4},"end":{"line":18,"column":null}},"20":{"start":{"line":21,"column":4},"end":{"line":38,"column":null}},"21":{"start":{"line":41,"column":4},"end":{"line":43,"column":null}},"22":{"start":{"line":7,"column":13},"end":{"line":44,"column":null}}},"fnMap":{"0":{"name":"(anonymous_4)","decl":{"start":{"line":8,"column":4},"end":{"line":8,"column":33}},"loc":{"start":{"line":8,"column":62},"end":{"line":8,"column":66}}},"1":{"name":"(anonymous_5)","decl":{"start":{"line":11,"column":4},"end":{"line":11,"column":11}},"loc":{"start":{"line":11,"column":59},"end":{"line":13,"column":5}}},"2":{"name":"(anonymous_6)","decl":{"start":{"line":16,"column":4},"end":{"line":16,"column":11}},"loc":{"start":{"line":16,"column":88},"end":{"line":18,"column":5}}},"3":{"name":"(anonymous_7)","decl":{"start":{"line":21,"column":4},"end":{"line":21,"column":10}},"loc":{"start":{"line":21,"column":45},"end":{"line":38,"column":5}}},"4":{"name":"(anonymous_8)","decl":{"start":{"line":22,"column":27},"end":{"line":22,"column":28}},"loc":{"start":{"line":22,"column":47},"end":{"line":36,"column":9}}},"5":{"name":"(anonymous_9)","decl":{"start":{"line":23,"column":50},"end":{"line":23,"column":51}},"loc":{"start":{"line":23,"column":68},"end":{"line":35,"column":13}}},"6":{"name":"(anonymous_10)","decl":{"start":{"line":41,"column":4},"end":{"line":41,"column":10}},"loc":{"start":{"line":41,"column":64},"end":{"line":43,"column":5}}}},"branchMap":{"0":{"loc":{"start":{"line":24,"column":16},"end":{"line":34,"column":17}},"type":"if","locations":[{"start":{"line":24,"column":16},"end":{"line":34,"column":17}},{"start":{"line":32,"column":23},"end":{"line":34,"column":17}}]},"1":{"loc":{"start":{"line":25,"column":20},"end":{"line":31,"column":21}},"type":"if","locations":[{"start":{"line":25,"column":20},"end":{"line":31,"column":21}},{"start":{"line":27,"column":26},"end":{"line":31,"column":21}}]},"2":{"loc":{"start":{"line":27,"column":26},"end":{"line":31,"column":21}},"type":"if","locations":[{"start":{"line":27,"column":26},"end":{"line":31,"column":21}},{"start":{"line":29,"column":25},"end":{"line":31,"column":21}}]}},"s":{"0":0,"1":0,"2":0,"3":0,"4":0,"5":0,"6":0,"7":0,"8":0,"9":0,"10":0,"11":0,"12":0,"13":0,"14":0,"15":0,"16":0,"17":0,"18":0,"19":0,"20":0,"21":0,"22":0},"f":{"0":0,"1":0,"2":0,"3":0,"4":0,"5":0,"6":0},"b":{"0":[0,0],"1":[0,0],"2":[0,0]}}
,"C:\\Users\\mrhea\\Desktop\\Devoirs\\3A\\Dev_Avance\\realtime-elo-ranker\\apps\\realtime-elo-ranker-server\\src\\players\\players.module.ts": {"path":"C:\\Users\\mrhea\\Desktop\\Devoirs\\3A\\Dev_Avance\\realtime-elo-ranker\\apps\\realtime-elo-ranker-server\\src\\players\\players.module.ts","statementMap":{"0":{"start":{"line":1,"column":0},"end":{"line":1,"column":40}},"1":{"start":{"line":2,"column":0},"end":{"line":2,"column":50}},"2":{"start":{"line":3,"column":0},"end":{"line":3,"column":48}},"3":{"start":{"line":4,"column":0},"end":{"line":4,"column":59}},"4":{"start":{"line":10,"column":7},"end":{"line":10,"column":null}},"5":{"start":{"line":10,"column":13},"end":{"line":10,"column":26}},"6":{"start":{"line":10,"column":13},"end":{"line":10,"column":null}}},"fnMap":{},"branchMap":{},"s":{"0":0,"1":0,"2":0,"3":0,"4":0,"5":0,"6":0},"f":{},"b":{}}
,"C:\\Users\\mrhea\\Desktop\\Devoirs\\3A\\Dev_Avance\\realtime-elo-ranker\\apps\\realtime-elo-ranker-server\\src\\players\\players.service.ts": {"path":"C:\\Users\\mrhea\\Desktop\\Devoirs\\3A\\Dev_Avance\\realtime-elo-ranker\\apps\\realtime-elo-ranker-server\\src\\players\\players.service.ts","statementMap":{"0":{"start":{"line":1,"column":0},"end":{"line":1,"column":99}},"1":{"start":{"line":2,"column":0},"end":{"line":2,"column":51}},"2":{"start":{"line":3,"column":0},"end":{"line":3,"column":37}},"3":{"start":{"line":4,"column":0},"end":{"line":4,"column":59}},"4":{"start":{"line":6,"column":0},"end":{"line":6,"column":54}},"5":{"start":{"line":9,"column":7},"end":{"line":76,"column":null}},"6":{"start":{"line":12,"column":16},"end":{"line":12,"column":34}},"7":{"start":{"line":13,"column":16},"end":{"line":13,"column":30}},"8":{"start":{"line":17,"column":8},"end":{"line":22,"column":39}},"9":{"start":{"line":18,"column":12},"end":{"line":20,"column":13}},"10":{"start":{"line":19,"column":16},"end":{"line":19,"column":121}},"11":{"start":{"line":21,"column":12},"end":{"line":21,"column":36}},"12":{"start":{"line":22,"column":24},"end":{"line":22,"column":37}},"13":{"start":{"line":26,"column":8},"end":{"line":26,"column":115}},"14":{"start":{"line":26,"column":63},"end":{"line":26,"column":85}},"15":{"start":{"line":26,"column":100},"end":{"line":26,"column":113}},"16":{"start":{"line":30,"column":23},"end":{"line":30,"column":35}},"17":{"start":{"line":31,"column":8},"end":{"line":31,"column":33}},"18":{"start":{"line":33,"column":8},"end":{"line":56,"column":39}},"19":{"start":{"line":34,"column":12},"end":{"line":36,"column":13}},"20":{"start":{"line":35,"column":16},"end":{"line":35,"column":101}},"21":{"start":{"line":37,"column":12},"end":{"line":39,"column":13}},"22":{"start":{"line":37,"column":34},"end":{"line":37,"column":52}},"23":{"start":{"line":38,"column":16},"end":{"line":38,"column":80}},"24":{"start":{"line":40,"column":30},"end":{"line":40,"column":83}},"25":{"start":{"line":40,"column":62},"end":{"line":40,"column":79}},"26":{"start":{"line":41,"column":32},"end":{"line":41,"column":79}},"27":{"start":{"line":43,"column":12},"end":{"line":49,"column":13}},"28":{"start":{"line":44,"column":16},"end":{"line":44,"column":45}},"29":{"start":{"line":45,"column":19},"end":{"line":49,"column":13}},"30":{"start":{"line":46,"column":16},"end":{"line":46,"column":42}},"31":{"start":{"line":48,"column":16},"end":{"line":48,"column":35}},"32":{"start":{"line":51,"column":12},"end":{"line":54,"column":18}},"33":{"start":{"line":52,"column":17},"end":{"line":52,"column":45}},"34":{"start":{"line":53,"column":27},"end":{"line":53,"column":40}},"35":{"start":{"line":55,"column":12},"end":{"line":55,"column":61}},"36":{"start":{"line":56,"column":24},"end":{"line":56,"column":37}},"37":{"start":{"line":60,"column":8},"end":{"line":60,"column":96}},"38":{"start":{"line":60,"column":52},"end":{"line":60,"column":66}},"39":{"start":{"line":60,"column":81},"end":{"line":60,"column":94}},"40":{"start":{"line":64,"column":8},"end":{"line":72,"column":39}},"41":{"start":{"line":65,"column":12},"end":{"line":67,"column":13}},"42":{"start":{"line":66,"column":16},"end":{"line":66,"column":77}},"43":{"start":{"line":68,"column":12},"end":{"line":68,"column":31}},"44":{"start":{"line":69,"column":12},"end":{"line":69,"column":124}},"45":{"start":{"line":69,"column":67},"end":{"line":69,"column":94}},"46":{"start":{"line":69,"column":109},"end":{"line":69,"column":122}},"47":{"start":{"line":70,"column":12},"end":{"line":70,"column":61}},"48":{"start":{"line":71,"column":12},"end":{"line":71,"column":32}},"49":{"start":{"line":72,"column":24},"end":{"line":72,"column":37}},"50":{"start":{"line":9,"column":13},"end":{"line":9,"column":26}},"51":{"start":{"line":9,"column":13},"end":{"line":76,"column":null}}},"fnMap":{"0":{"name":"(anonymous_4)","decl":{"start":{"line":10,"column":4},"end":{"line":10,"column":null}},"loc":{"start":{"line":13,"column":43},"end":{"line":14,"column":8}}},"1":{"name":"(anonymous_5)","decl":{"start":{"line":16,"column":4},"end":{"line":16,"column":11}},"loc":{"start":{"line":16,"column":60},"end":{"line":23,"column":5}}},"2":{"name":"(anonymous_6)","decl":{"start":{"line":17,"column":42},"end":{"line":17,"column":49}},"loc":{"start":{"line":17,"column":52},"end":{"line":22,"column":9}}},"3":{"name":"(anonymous_7)","decl":{"start":{"line":22,"column":17},"end":{"line":22,"column":20}},"loc":{"start":{"line":22,"column":24},"end":{"line":22,"column":37}}},"4":{"name":"(anonymous_8)","decl":{"start":{"line":25,"column":4},"end":{"line":25,"column":11}},"loc":{"start":{"line":25,"column":76},"end":{"line":27,"column":5}}},"5":{"name":"(anonymous_9)","decl":{"start":{"line":26,"column":53},"end":{"line":26,"column":59}},"loc":{"start":{"line":26,"column":63},"end":{"line":26,"column":85}}},"6":{"name":"(anonymous_10)","decl":{"start":{"line":26,"column":93},"end":{"line":26,"column":96}},"loc":{"start":{"line":26,"column":100},"end":{"line":26,"column":113}}},"7":{"name":"(anonymous_11)","decl":{"start":{"line":29,"column":4},"end":{"line":29,"column":10}},"loc":{"start":{"line":29,"column":84},"end":{"line":57,"column":5}}},"8":{"name":"(anonymous_12)","decl":{"start":{"line":33,"column":42},"end":{"line":33,"column":49}},"loc":{"start":{"line":33,"column":52},"end":{"line":56,"column":9}}},"9":{"name":"(anonymous_13)","decl":{"start":{"line":37,"column":29},"end":{"line":37,"column":30}},"loc":{"start":{"line":37,"column":34},"end":{"line":37,"column":52}}},"10":{"name":"(anonymous_14)","decl":{"start":{"line":40,"column":45},"end":{"line":40,"column":46}},"loc":{"start":{"line":40,"column":62},"end":{"line":40,"column":79}}},"11":{"name":"(anonymous_15)","decl":{"start":{"line":51,"column":52},"end":{"line":51,"column":63}},"loc":{"start":{"line":51,"column":66},"end":{"line":52,"column":45}}},"12":{"name":"(anonymous_16)","decl":{"start":{"line":53,"column":20},"end":{"line":53,"column":23}},"loc":{"start":{"line":53,"column":27},"end":{"line":53,"column":40}}},"13":{"name":"(anonymous_17)","decl":{"start":{"line":56,"column":17},"end":{"line":56,"column":20}},"loc":{"start":{"line":56,"column":24},"end":{"line":56,"column":37}}},"14":{"name":"(anonymous_18)","decl":{"start":{"line":59,"column":4},"end":{"line":59,"column":10}},"loc":{"start":{"line":59,"column":51},"end":{"line":61,"column":5}}},"15":{"name":"(anonymous_19)","decl":{"start":{"line":60,"column":46},"end":{"line":60,"column":49}},"loc":{"start":{"line":60,"column":52},"end":{"line":60,"column":66}}},"16":{"name":"(anonymous_20)","decl":{"start":{"line":60,"column":74},"end":{"line":60,"column":77}},"loc":{"start":{"line":60,"column":81},"end":{"line":60,"column":94}}},"17":{"name":"(anonymous_21)","decl":{"start":{"line":63,"column":4},"end":{"line":63,"column":14}},"loc":{"start":{"line":63,"column":86},"end":{"line":73,"column":5}}},"18":{"name":"(anonymous_22)","decl":{"start":{"line":64,"column":53},"end":{"line":64,"column":59}},"loc":{"start":{"line":64,"column":62},"end":{"line":72,"column":9}}},"19":{"name":"(anonymous_23)","decl":{"start":{"line":69,"column":52},"end":{"line":69,"column":63}},"loc":{"start":{"line":69,"column":67},"end":{"line":69,"column":94}}},"20":{"name":"(anonymous_24)","decl":{"start":{"line":69,"column":102},"end":{"line":69,"column":105}},"loc":{"start":{"line":69,"column":109},"end":{"line":69,"column":122}}},"21":{"name":"(anonymous_25)","decl":{"start":{"line":72,"column":17},"end":{"line":72,"column":20}},"loc":{"start":{"line":72,"column":24},"end":{"line":72,"column":37}}}},"branchMap":{"0":{"loc":{"start":{"line":18,"column":12},"end":{"line":20,"column":13}},"type":"if","locations":[{"start":{"line":18,"column":12},"end":{"line":20,"column":13}}]},"1":{"loc":{"start":{"line":34,"column":12},"end":{"line":36,"column":13}},"type":"if","locations":[{"start":{"line":34,"column":12},"end":{"line":36,"column":13}}]},"2":{"loc":{"start":{"line":37,"column":12},"end":{"line":39,"column":13}},"type":"if","locations":[{"start":{"line":37,"column":12},"end":{"line":39,"column":13}}]},"3":{"loc":{"start":{"line":41,"column":32},"end":{"line":41,"column":79}},"type":"cond-expr","locations":[{"start":{"line":41,"column":49},"end":{"line":41,"column":75}},{"start":{"line":41,"column":78},"end":{"line":41,"column":79}}]},"4":{"loc":{"start":{"line":43,"column":12},"end":{"line":49,"column":13}},"type":"if","locations":[{"start":{"line":43,"column":12},"end":{"line":49,"column":13}},{"start":{"line":45,"column":19},"end":{"line":49,"column":13}}]},"5":{"loc":{"start":{"line":43,"column":16},"end":{"line":43,"column":71}},"type":"binary-expr","locations":[{"start":{"line":43,"column":16},"end":{"line":43,"column":44}},{"start":{"line":43,"column":48},"end":{"line":43,"column":71}}]},"6":{"loc":{"start":{"line":45,"column":19},"end":{"line":49,"column":13}},"type":"if","locations":[{"start":{"line":45,"column":19},"end":{"line":49,"column":13}},{"start":{"line":47,"column":19},"end":{"line":49,"column":13}}]},"7":{"loc":{"start":{"line":65,"column":12},"end":{"line":67,"column":13}},"type":"if","locations":[{"start":{"line":65,"column":12},"end":{"line":67,"column":13}}]}},"s":{"0":4,"1":4,"2":4,"3":4,"4":4,"5":4,"6":0,"7":0,"8":0,"9":0,"10":0,"11":0,"12":0,"13":0,"14":0,"15":0,"16":0,"17":0,"18":0,"19":0,"20":0,"21":0,"22":0,"23":0,"24":0,"25":0,"26":0,"27":0,"28":0,"29":0,"30":0,"31":0,"32":0,"33":0,"34":0,"35":0,"36":0,"37":0,"38":0,"39":0,"40":0,"41":0,"42":0,"43":0,"44":0,"45":0,"46":0,"47":0,"48":0,"49":0,"50":4,"51":4},"f":{"0":0,"1":0,"2":0,"3":0,"4":0,"5":0,"6":0,"7":0,"8":0,"9":0,"10":0,"11":0,"12":0,"13":0,"14":0,"15":0,"16":0,"17":0,"18":0,"19":0,"20":0,"21":0},"b":{"0":[0],"1":[0],"2":[0],"3":[0,0],"4":[0,0],"5":[0,0],"6":[0,0],"7":[0]}}
,"C:\\Users\\mrhea\\Desktop\\Devoirs\\3A\\Dev_Avance\\realtime-elo-ranker\\apps\\realtime-elo-ranker-server\\src\\players\\dto\\create-player.dto.ts": {"path":"C:\\Users\\mrhea\\Desktop\\Devoirs\\3A\\Dev_Avance\\realtime-elo-ranker\\apps\\realtime-elo-ranker-server\\src\\players\\dto\\create-player.dto.ts","statementMap":{"0":{"start":{"line":1,"column":0},"end":{"line":1,"column":13}}},"fnMap":{},"branchMap":{},"s":{"0":0},"f":{},"b":{}}
,"C:\\Users\\mrhea\\Desktop\\Devoirs\\3A\\Dev_Avance\\realtime-elo-ranker\\apps\\realtime-elo-ranker-server\\src\\players\\dto\\player.dto.ts": {"path":"C:\\Users\\mrhea\\Desktop\\Devoirs\\3A\\Dev_Avance\\realtime-elo-ranker\\apps\\realtime-elo-ranker-server\\src\\players\\dto\\player.dto.ts","statementMap":{"0":{"start":{"line":1,"column":0},"end":{"line":1,"column":13}}},"fnMap":{},"branchMap":{},"s":{"0":0},"f":{},"b":{}}
,"C:\\Users\\mrhea\\Desktop\\Devoirs\\3A\\Dev_Avance\\realtime-elo-ranker\\apps\\realtime-elo-ranker-server\\src\\rank\\rank.controller.ts": {"path":"C:\\Users\\mrhea\\Desktop\\Devoirs\\3A\\Dev_Avance\\realtime-elo-ranker\\apps\\realtime-elo-ranker-server\\src\\rank\\rank.controller.ts","statementMap":{"0":{"start":{"line":1,"column":0},"end":{"line":1,"column":83}},"1":{"start":{"line":2,"column":0},"end":{"line":2,"column":59}},"2":{"start":{"line":4,"column":0},"end":{"line":4,"column":50}},"3":{"start":{"line":5,"column":0},"end":{"line":5,"column":54}},"4":{"start":{"line":9,"column":7},"end":{"line":47,"column":null}},"5":{"start":{"line":11,"column":25},"end":{"line":11,"column":40}},"6":{"start":{"line":12,"column":16},"end":{"line":12,"column":30}},"7":{"start":{"line":17,"column":8},"end":{"line":17,"column":33}},"8":{"start":{"line":18,"column":8},"end":{"line":28,"column":10}},"9":{"start":{"line":19,"column":37},"end":{"line":27,"column":30}},"10":{"start":{"line":33,"column":8},"end":{"line":46,"column":6}},"11":{"start":{"line":34,"column":12},"end":{"line":43,"column":15}},"12":{"start":{"line":35,"column":16},"end":{"line":42,"column":17}},"13":{"start":{"line":36,"column":20},"end":{"line":38,"column":21}},"14":{"start":{"line":37,"column":24},"end":{"line":37,"column":70}},"15":{"start":{"line":39,"column":20},"end":{"line":39,"column":32}},"16":{"start":{"line":41,"column":20},"end":{"line":41,"column":70}},"17":{"start":{"line":41,"column":52},"end":{"line":41,"column":67}},"18":{"start":{"line":9,"column":13},"end":{"line":9,"column":27}},"19":{"start":{"line":16,"column":4},"end":{"line":29,"column":null}},"20":{"start":{"line":32,"column":10},"end":{"line":46,"column":null}},"21":{"start":{"line":9,"column":13},"end":{"line":47,"column":null}}},"fnMap":{"0":{"name":"(anonymous_2)","decl":{"start":{"line":10,"column":4},"end":{"line":10,"column":null}},"loc":{"start":{"line":12,"column":43},"end":{"line":13,"column":8}}},"1":{"name":"(anonymous_3)","decl":{"start":{"line":16,"column":4},"end":{"line":16,"column":7}},"loc":{"start":{"line":16,"column":7},"end":{"line":29,"column":5}}},"2":{"name":"(anonymous_4)","decl":{"start":{"line":19,"column":16},"end":{"line":19,"column":17}},"loc":{"start":{"line":19,"column":37},"end":{"line":27,"column":30}}},"3":{"name":"(anonymous_5)","decl":{"start":{"line":32,"column":4},"end":{"line":32,"column":9}},"loc":{"start":{"line":32,"column":17},"end":{"line":46,"column":6}}},"4":{"name":"(anonymous_6)","decl":{"start":{"line":33,"column":27},"end":{"line":33,"column":28}},"loc":{"start":{"line":33,"column":47},"end":{"line":44,"column":9}}},"5":{"name":"(anonymous_7)","decl":{"start":{"line":34,"column":39},"end":{"line":34,"column":40}},"loc":{"start":{"line":34,"column":56},"end":{"line":43,"column":13}}},"6":{"name":"(anonymous_8)","decl":{"start":{"line":41,"column":42},"end":{"line":41,"column":43}},"loc":{"start":{"line":41,"column":52},"end":{"line":41,"column":67}}}},"branchMap":{"0":{"loc":{"start":{"line":35,"column":16},"end":{"line":42,"column":17}},"type":"if","locations":[{"start":{"line":35,"column":16},"end":{"line":42,"column":17}},{"start":{"line":40,"column":23},"end":{"line":42,"column":17}}]},"1":{"loc":{"start":{"line":36,"column":20},"end":{"line":38,"column":21}},"type":"if","locations":[{"start":{"line":36,"column":20},"end":{"line":38,"column":21}}]}},"s":{"0":1,"1":1,"2":1,"3":1,"4":1,"5":0,"6":0,"7":0,"8":0,"9":0,"10":0,"11":0,"12":0,"13":0,"14":0,"15":0,"16":0,"17":0,"18":1,"19":1,"20":1,"21":1},"f":{"0":0,"1":0,"2":0,"3":0,"4":0,"5":0,"6":0},"b":{"0":[0,0],"1":[0]}}
,"C:\\Users\\mrhea\\Desktop\\Devoirs\\3A\\Dev_Avance\\realtime-elo-ranker\\apps\\realtime-elo-ranker-server\\src\\rank\\rank.module.ts": {"path":"C:\\Users\\mrhea\\Desktop\\Devoirs\\3A\\Dev_Avance\\realtime-elo-ranker\\apps\\realtime-elo-ranker-server\\src\\rank\\rank.module.ts","statementMap":{"0":{"start":{"line":1,"column":0},"end":{"line":1,"column":40}},"1":{"start":{"line":2,"column":0},"end":{"line":2,"column":45}},"2":{"start":{"line":3,"column":0},"end":{"line":3,"column":51}},"3":{"start":{"line":4,"column":0},"end":{"line":4,"column":58}},"4":{"start":{"line":5,"column":0},"end":{"line":5,"column":59}},"5":{"start":{"line":13,"column":7},"end":{"line":13,"column":null}},"6":{"start":{"line":13,"column":13},"end":{"line":13,"column":23}},"7":{"start":{"line":13,"column":13},"end":{"line":13,"column":null}}},"fnMap":{},"branchMap":{},"s":{"0":0,"1":0,"2":0,"3":0,"4":0,"5":0,"6":0,"7":0},"f":{},"b":{}}
,"C:\\Users\\mrhea\\Desktop\\Devoirs\\3A\\Dev_Avance\\realtime-elo-ranker\\apps\\realtime-elo-ranker-server\\src\\rank\\rank.service.ts": {"path":"C:\\Users\\mrhea\\Desktop\\Devoirs\\3A\\Dev_Avance\\realtime-elo-ranker\\apps\\realtime-elo-ranker-server\\src\\rank\\rank.service.ts","statementMap":{"0":{"start":{"line":1,"column":0},"end":{"line":1,"column":44}},"1":{"start":{"line":4,"column":7},"end":{"line":4,"column":null}},"2":{"start":{"line":4,"column":13},"end":{"line":4,"column":24}},"3":{"start":{"line":4,"column":13},"end":{"line":4,"column":null}}},"fnMap":{},"branchMap":{},"s":{"0":1,"1":1,"2":1,"3":1},"f":{},"b":{}}
,"C:\\Users\\mrhea\\Desktop\\Devoirs\\3A\\Dev_Avance\\realtime-elo-ranker\\apps\\realtime-elo-ranker-server\\src\\typeorm\\entities\\player.entity.ts": {"path":"C:\\Users\\mrhea\\Desktop\\Devoirs\\3A\\Dev_Avance\\realtime-elo-ranker\\apps\\realtime-elo-ranker-server\\src\\typeorm\\entities\\player.entity.ts","statementMap":{"0":{"start":{"line":1,"column":0},"end":{"line":1,"column":56}},"1":{"start":{"line":4,"column":7},"end":{"line":10,"column":null}},"2":{"start":{"line":4,"column":13},"end":{"line":4,"column":19}},"3":{"start":{"line":6,"column":2},"end":{"line":6,"column":null}},"4":{"start":{"line":9,"column":2},"end":{"line":9,"column":null}},"5":{"start":{"line":4,"column":13},"end":{"line":10,"column":null}}},"fnMap":{},"branchMap":{},"s":{"0":4,"1":4,"2":4,"3":4,"4":4,"5":4},"f":{},"b":{}}
}
